<?xml version="1.0" encoding="UTF-8"?>
<!-- Generated by org.testng.reporters.JUnitReportReporter -->
<testsuite hostname="LAPTOP-E2O8R6N7" failures="0" tests="1" name="testCases.TC001_AccountRegistrationTest" time="1.927" errors="0" timestamp="2024-12-27T16:38:59 IST" skipped="0">
  <testcase classname="testCases.TC001_AccountRegistrationTest" name="verify_account_registration" time="1.927"/>
</testsuite> <!-- testCases.TC001_AccountRegistrationTest -->
