<?xml version="1.0" encoding="UTF-8"?>
<!-- Generated by org.testng.reporters.JUnitReportReporter -->
<testsuite hostname="LAPTOP-E2O8R6N7" failures="0" tests="6" name="testCases.TC003_LoginDDT" time="27.376" errors="0" timestamp="2024-12-25T11:11:20 IST" skipped="0">
  <testcase classname="testCases.TC003_LoginDDT" name="verify_loginDDT" time="1.340"/>
  <testcase classname="testCases.TC003_LoginDDT" name="verify_loginDDT" time="11.037"/>
  <testcase classname="testCases.TC003_LoginDDT" name="verify_loginDDT" time="1.339"/>
  <testcase classname="testCases.TC003_LoginDDT" name="verify_loginDDT" time="1.365"/>
  <testcase classname="testCases.TC003_LoginDDT" name="verify_loginDDT" time="1.388"/>
  <testcase classname="testCases.TC003_LoginDDT" name="verify_loginDDT" time="10.907"/>
</testsuite> <!-- testCases.TC003_LoginDDT -->
