<?xml version="1.0" encoding="UTF-8"?>
<!-- Generated by org.testng.reporters.JUnitReportReporter -->
<testsuite hostname="LAPTOP-E2O8R6N7" failures="0" tests="1" name="testBase.TC001_AccountRegistrationTest" time="1.752" errors="0" timestamp="2024-12-23T17:47:52 IST" skipped="0">
  <testcase classname="testBase.TC001_AccountRegistrationTest" name="verify_account_registration" time="1.752"/>
</testsuite> <!-- testBase.TC001_AccountRegistrationTest -->
