<?xml version="1.0" encoding="UTF-8"?>
<!-- Generated by org.testng.reporters.JUnitReportReporter -->
<testsuite hostname="LAPTOP-E2O8R6N7" failures="0" tests="1" name="testCases.TC002_LoginTest" time="1.546" errors="0" timestamp="2024-12-29T12:43:08 IST" skipped="0">
  <testcase classname="testCases.TC002_LoginTest" name="verifyLogin" time="1.546"/>
</testsuite> <!-- testCases.TC002_LoginTest -->
