<?xml version="1.0" encoding="UTF-8"?>
<!-- Generated by org.testng.reporters.JUnitReportReporter -->
<testsuite hostname="LAPTOP-E2O8R6N7" failures="0" tests="1" name="testCases.TC001_AccountRegistrationTest" time="2.480" errors="0" timestamp="2024-12-29T12:43:08 IST" skipped="0">
  <testcase classname="testCases.TC001_AccountRegistrationTest" name="verify_account_registration" time="2.480"/>
</testsuite> <!-- testCases.TC001_AccountRegistrationTest -->
